<?xml version="1.0" encoding="UTF-8"?>
<!-- Generated by org.testng.reporters.JUnitReportReporter -->
<testsuite hostname="Ebrahim" failures="0" tests="1" name="com.it.bd.tests.DashboradTest" time="5.041" errors="0" timestamp="2023-06-25T13:14:31 EDT" skipped="0">
  <testcase classname="com.it.bd.tests.DashboradTest" name="dashBoardTest" time="5.041"/>
  <system-out/>
</testsuite> <!-- com.it.bd.tests.DashboradTest -->
