<?xml version="1.0" encoding="UTF-8"?>
<!-- Generated by org.testng.reporters.JUnitReportReporter -->
<testsuite hostname="Ebrahim" failures="0" tests="1" name="com.it.bd.tests.LoginTest" time="14.905" errors="0" timestamp="2023-07-08T11:57:00 EDT" skipped="0">
  <testcase classname="com.it.bd.tests.LoginTest" name="loginTest" time="14.905"/>
  <system-out/>
</testsuite> <!-- com.it.bd.tests.LoginTest -->
